────────────────────────────────────────────────────────
  aiomoqt-bench subscriber
────────────────────────────────────────────────────────
  relay:       moqt://moqx-local.marzresearch.net:4433
  transport:   QUIC
  namespace:   aiomoqt
  trackname:   bench-r10000-A-7fd27298
  duration:    22s
  interval:    5.0s
────────────────────────────────────────────────────────
  Connecting...
  Subscribed to 'aiomoqt/bench-r10000-A-7fd27298', receiving...

  Interval  Grps    Objs      ObjRate   Bitrate   Latency             Jitter  Loss             
  ─────────────────────────────────────────────────────────────────────────────────────────────
  0-5s      834     99969     19993/s   166Mbps   1.3ms p99: 22ms     88us    0% (0 objs)      
  5-10s     1667    200005    20007/s   166Mbps   797us p99: 1.7ms    55us    0% (0 objs)      
  10-15s    2500    299995    19998/s   166Mbps   747us p99: 1.5ms    49us    0% (0 objs)      
  15-20s    3334    400002    20001/s   166Mbps   755us p99: 1.6ms    29us    0% (0 objs)      

════════════════════════════════════════════════════════
  aiomoqt-bench results  (22.0s active / 22.0s elapsed)
════════════════════════════════════════════════════════
  Objects:     439,981
  Bytes:       456,260,297
  Rate:        19999.3 obj/s
  Throughput:  165.91 Mbps
  Latency:     min=0.1  avg=0.9  max=51.0  sd=1.9 ms
               p50=0.7  p95=1.3  p99=2.3 ms
  Jitter:      0.04 ms (final)  avg=0.05 ms
  Lost:        0 (0.00%)
  Out-of-order:   0
════════════════════════════════════════════════════════
