────────────────────────────────────────────────────────
  aiomoqt-bench subscriber
────────────────────────────────────────────────────────
  relay:       moqt://moqx-local.marzresearch.net:4433
  transport:   QUIC
  namespace:   aiomoqt
  trackname:   bench-r1000-A-8515d747
  duration:    22s
  interval:    5.0s
────────────────────────────────────────────────────────
  Connecting...
  Subscribed to 'aiomoqt/bench-r1000-A-8515d747', receiving...

  Interval  Grps    Objs      ObjRate   Bitrate   Latency             Jitter  Loss             
  ─────────────────────────────────────────────────────────────────────────────────────────────
  0-5s      84      10005     2000/s    17Mbps    979us p99: 17ms     172us   0% (0 objs)      
  5-10s     167     20007     2000/s    17Mbps    577us p99: 1.4ms    108us   0% (0 objs)      
  10-15s    251     30009     2000/s    17Mbps    571us p99: 1.4ms    106us   0% (0 objs)      
  15-20s    334     40009     2000/s    17Mbps    493us p99: 1.2ms    88us    0% (0 objs)      

════════════════════════════════════════════════════════
  aiomoqt-bench results  (22.0s active / 22.0s elapsed)
════════════════════════════════════════════════════════
  Objects:     44,000
  Bytes:       45,628,000
  Rate:        2000.2 obj/s
  Throughput:  16.59 Mbps
  Latency:     min=0.2  avg=0.6  max=65.1  sd=1.8 ms
               p50=0.5  p95=1.0  p99=1.5 ms
  Jitter:      0.14 ms (final)  avg=0.14 ms
  Lost:        0 (0.00%)
  Out-of-order:   0
════════════════════════════════════════════════════════
