2026-05-16 09:13:51.509 WARNING: MOQT warn: control task cancelled
────────────────────────────────────────────────────────
  aiomoqt-bench publisher
────────────────────────────────────────────────────────
  relay:       moqt://moqx-local.marzresearch.net:4433
  transport:   QUIC
  namespace:   aiomoqt
  trackname:   bench-r5000-A-ba9bff1e
  mode:        SUBGROUP x2
  object size: 1024 B
  group size:  120 objects
  rate:        5000.0/s per stream
  target:      81.92 Mbps
  duration:    30s
────────────────────────────────────────────────────────
  Connecting...
  Published 'aiomoqt/bench-r5000-A-ba9bff1e', waiting for subscriber...

  Interval  Grps    Objs      ObjRate   Bitrate   
  ────────────────────────────────────────────────
  0-5s      417     49993     9998/s    83Mbps    
  5-10s     834     100003    10000/s   83Mbps    
  10-15s    1251    150013    10000/s   83Mbps    
  15-20s    1667    200017    10001/s   83Mbps    
  20-25s    2084    250017    10000/s   83Mbps    
  Done.

  Sent: 279,493 objects, 2330 groups, 9998/s, 83Mbps (28.0s)
