────────────────────────────────────────────────────────
  aiomoqt-bench subscriber
────────────────────────────────────────────────────────
  relay:       moqt://moqx-local.marzresearch.net:4433
  transport:   QUIC
  namespace:   aiomoqt
  trackname:   bench-r1000-B-98c4f861
  duration:    22s
  interval:    5.0s
────────────────────────────────────────────────────────
  Connecting...
  Subscribed to 'aiomoqt/bench-r1000-B-98c4f861', receiving...

  Interval  Grps    Objs      ObjRate   Bitrate   Latency             Jitter  Loss             
  ─────────────────────────────────────────────────────────────────────────────────────────────
  0-5s      84      10001     2000/s    17Mbps    621us p99: 2.2ms    147us   0% (0 objs)      
  5-10s     167     20001     2000/s    17Mbps    417us p99: 1.2ms    82us    0% (0 objs)      
  10-15s    251     30003     2000/s    17Mbps    409us p99: 1.1ms    163us   0% (0 objs)      
  15-20s    334     40006     2000/s    17Mbps    450us p99: 1.2ms    102us   0% (0 objs)      

════════════════════════════════════════════════════════
  aiomoqt-bench results  (22.0s active / 22.0s elapsed)
════════════════════════════════════════════════════════
  Objects:     43,998
  Bytes:       45,625,926
  Rate:        2000.1 obj/s
  Throughput:  16.59 Mbps
  Latency:     min=0.2  avg=0.5  max=47.6  sd=1.2 ms
               p50=0.4  p95=0.7  p99=1.2 ms
  Jitter:      0.10 ms (final)  avg=0.12 ms
  Lost:        0 (0.00%)
  Out-of-order:   0
════════════════════════════════════════════════════════
