────────────────────────────────────────────────────────
  aiomoqt-bench subscriber
────────────────────────────────────────────────────────
  relay:       moqt://moqx-local.marzresearch.net:4433
  transport:   QUIC
  namespace:   aiomoqt
  trackname:   bench-r10000-B-838b3be1
  duration:    22s
  interval:    5.0s
────────────────────────────────────────────────────────
  Connecting...
  Subscribed to 'aiomoqt/bench-r10000-B-838b3be1', receiving...

  Interval  Grps    Objs      ObjRate   Bitrate   Latency             Jitter  Loss             
  ─────────────────────────────────────────────────────────────────────────────────────────────
  0-5s      834     100004    19997/s   166Mbps   963us p99: 27ms     62us    0% (0 objs)      
  5-10s     1667    200016    20000/s   166Mbps   449us p99: 1.0ms    59us    0% (0 objs)      
  10-15s    2501    300026    20000/s   166Mbps   443us p99: 992us    68us    0% (0 objs)      
  15-20s    3334    400032    20001/s   166Mbps   471us p99: 1.1ms    65us    0% (0 objs)      

════════════════════════════════════════════════════════
  aiomoqt-bench results  (22.0s active / 22.0s elapsed)
════════════════════════════════════════════════════════
  Objects:     439,959
  Bytes:       456,237,483
  Rate:        20000.4 obj/s
  Throughput:  165.92 Mbps
  Latency:     min=0.1  avg=0.6  max=55.9  sd=2.2 ms
               p50=0.4  p95=0.8  p99=1.3 ms
  Jitter:      0.06 ms (final)  avg=0.07 ms
  Lost:        0 (0.00%)
  Out-of-order:   0
════════════════════════════════════════════════════════
