────────────────────────────────────────────────────────
  aiomoqt-bench subscriber
────────────────────────────────────────────────────────
  relay:       moqt://moqx-local.marzresearch.net:4433
  transport:   QUIC
  namespace:   aiomoqt
  trackname:   bench-r5000-B-7be69d17
  duration:    22s
  interval:    5.0s
────────────────────────────────────────────────────────
  Connecting...
  Subscribed to 'aiomoqt/bench-r5000-B-7be69d17', receiving...

  Interval  Grps    Objs      ObjRate   Bitrate   Latency             Jitter  Loss             
  ─────────────────────────────────────────────────────────────────────────────────────────────
  0-5s      417     49998     9999/s    83Mbps    830us p99: 19ms     71us    0% (0 objs)      
  5-10s     834     100004    9999/s    83Mbps    464us p99: 1.4ms    71us    0% (0 objs)      
  10-15s    1251    150003    10000/s   83Mbps    444us p99: 1.3ms    64us    0% (0 objs)      
  15-20s    1667    200014    10001/s   83Mbps    439us p99: 1.3ms    65us    0% (0 objs)      

════════════════════════════════════════════════════════
  aiomoqt-bench results  (22.0s active / 22.0s elapsed)
════════════════════════════════════════════════════════
  Objects:     219,987
  Bytes:       228,126,519
  Rate:        9999.9 obj/s
  Throughput:  82.96 Mbps
  Latency:     min=0.1  avg=0.5  max=53.0  sd=1.9 ms
               p50=0.4  p95=0.8  p99=1.6 ms
  Jitter:      0.08 ms (final)  avg=0.08 ms
  Lost:        0 (0.00%)
  Out-of-order:   0
════════════════════════════════════════════════════════
